INFO 2022-05-01 17:43:53,151 Cоздана таблица пользователей, статей и комментариев
INFO 2022-05-01 17:45:39,079 Cоздана таблица пользователей, статей и комментариев
INFO 2022-05-01 17:48:58,280 Cоздана таблица пользователей, статей и комментариев
INFO 2022-05-01 17:49:36,607 Cоздана таблица пользователей, статей и комментариев
INFO 2022-05-01 17:50:51,767 Cоздана таблица пользователей, статей и комментариев
INFO 2022-05-01 17:52:59,809 Cоздана таблица пользователей, статей и комментариев
INFO 2022-05-01 17:54:39,901 Cоздана таблица пользователей, статей и комментариев
INFO 2022-05-01 17:54:45,854 Cоздана таблица пользователей, статей и комментариев
INFO 2022-05-01 17:55:16,402 Cоздана таблица пользователей, статей и комментариев
INFO 2022-05-01 18:02:34,775 Cоздана таблица пользователей, статей и комментариев
INFO 2022-05-01 18:03:04,728 Cоздана таблица пользователей, статей и комментариев
INFO 2022-05-01 18:06:36,766 Cоздана таблица пользователей, статей и комментариев
INFO 2022-05-01 18:06:36,769 Предметы выведены.
INFO 2022-05-01 18:06:36,815 Студенты выведены.
INFO 2022-05-01 18:06:48,700 Cоздана таблица пользователей, статей и комментариев
INFO 2022-05-01 18:06:48,705 Предметы выведены.
INFO 2022-05-01 18:06:48,708 Студенты выведены.
INFO 2022-05-01 18:16:21,206 Cоздана таблица пользователей, статей и комментариев
INFO 2022-05-01 18:16:21,210 Предметы выведены.
INFO 2022-05-01 18:16:21,217 Студенты выведены.
INFO 2022-05-01 18:16:55,400 Cоздана таблица пользователей, статей и комментариев
INFO 2022-05-01 18:16:55,410 Предметы выведены.
INFO 2022-05-01 18:16:55,416 Студенты выведены.
WARNING 2022-05-01 18:16:55,418 Таблицы не существует
INFO 2022-05-01 18:18:26,772 Cоздана таблица пользователей, статей и комментариев
INFO 2022-05-01 18:18:26,780 Предметы выведены.
INFO 2022-05-01 18:18:26,790 Студенты выведены.
INFO 2022-05-01 18:18:26,793 ID предмета получен
INFO 2022-05-01 18:19:01,441 Cоздана таблица пользователей, статей и комментариев
INFO 2022-05-01 18:19:01,446 Предметы выведены.
INFO 2022-05-01 18:19:01,450 Студенты выведены.
INFO 2022-05-01 18:19:01,451 ID предмета получен
INFO 2022-05-01 18:19:01,452 ID предмета получен
INFO 2022-05-01 18:20:46,326 Cоздана таблица пользователей, статей и комментариев
INFO 2022-05-01 18:20:46,341 Предметы выведены.
INFO 2022-05-01 18:20:46,350 Студенты выведены.
INFO 2022-05-01 18:20:46,353 ID предмета получен
INFO 2022-05-01 18:20:46,354 ID предмета получен
INFO 2022-05-01 18:21:19,888 Cоздана таблица пользователей, статей и комментариев
INFO 2022-05-01 18:21:19,894 Предметы выведены.
INFO 2022-05-01 18:21:19,901 Студенты выведены.
INFO 2022-05-01 18:21:32,887 Cоздана таблица пользователей, статей и комментариев
INFO 2022-05-01 18:21:32,895 Предметы выведены.
INFO 2022-05-01 18:21:32,902 Студенты выведены.
INFO 2022-05-01 18:21:32,903 ID предмета получен
INFO 2022-05-01 18:24:41,582 Cоздана таблица пользователей, статей и комментариев
INFO 2022-05-01 18:24:41,586 Предметы выведены.
INFO 2022-05-01 18:24:41,589 Студенты выведены.
INFO 2022-05-01 18:24:41,590 ID предмета получен
INFO 2022-05-01 18:24:41,591 ID человека получен
INFO 2022-05-06 22:49:24,794 Cоздана таблица пользователей, статей и комментариев
INFO 2022-05-06 22:49:24,802 Предметы выведены.
INFO 2022-05-06 22:49:24,804 Студенты выведены.
INFO 2022-05-06 22:49:24,805 ID предмета получен
INFO 2022-05-06 22:49:24,805 ID человека получен
INFO 2022-05-06 22:49:24,806 ID предмета получен
INFO 2022-05-06 22:49:24,830 ID предмета получен
INFO 2022-05-06 22:49:24,838 ID предмета получен
INFO 2022-05-06 22:49:24,861 ID предмета получен
INFO 2022-05-06 22:49:24,887 ID предмета получен
INFO 2022-05-06 22:49:24,899 Студенты выведены.
INFO 2022-05-07 09:56:35,571 Cоздана таблица пользователей, статей и комментариев
INFO 2022-05-07 09:56:35,600 Предметы выведены.
INFO 2022-05-07 09:56:35,618 Студенты выведены.
INFO 2022-05-07 09:56:35,619 ID предмета получен
INFO 2022-05-07 09:56:35,620 ID человека получен
INFO 2022-05-07 09:56:35,621 ID предмета получен
INFO 2022-05-07 09:56:35,632 ID предмета получен
INFO 2022-05-07 09:56:35,638 ID предмета получен
INFO 2022-05-07 09:56:35,643 ID предмета получен
INFO 2022-05-07 09:56:35,648 ID предмета получен
INFO 2022-05-07 09:56:35,654 Темы выведены.
INFO 2022-05-07 09:56:35,655 ID темы получен
INFO 2022-05-07 09:57:22,213 Cоздана таблица пользователей, статей и комментариев
INFO 2022-05-07 09:57:22,215 Предметы выведены.
INFO 2022-05-07 09:57:22,217 Студенты выведены.
INFO 2022-05-07 09:57:22,217 ID предмета получен
INFO 2022-05-07 09:57:22,217 ID человека получен
INFO 2022-05-07 09:57:22,218 ID предмета получен
INFO 2022-05-07 09:57:22,230 ID предмета получен
INFO 2022-05-07 09:57:22,240 ID предмета получен
INFO 2022-05-07 09:57:22,250 ID предмета получен
INFO 2022-05-07 09:57:22,260 ID предмета получен
INFO 2022-05-07 09:57:22,272 Темы выведены.
INFO 2022-05-07 09:57:22,273 ID темы получен
INFO 2022-05-07 09:59:33,613 Cоздана таблица пользователей, статей и комментариев
INFO 2022-05-07 09:59:33,615 Предметы выведены.
INFO 2022-05-07 09:59:33,617 Студенты выведены.
INFO 2022-05-07 09:59:33,617 ID предмета получен
INFO 2022-05-07 09:59:33,617 ID человека получен
INFO 2022-05-07 09:59:33,618 ID предмета получен
INFO 2022-05-07 09:59:33,629 ID предмета получен
INFO 2022-05-07 09:59:33,640 ID предмета получен
INFO 2022-05-07 09:59:33,649 ID предмета получен
INFO 2022-05-07 09:59:33,659 ID предмета получен
INFO 2022-05-07 09:59:33,672 Темы выведены.
INFO 2022-05-07 09:59:33,673 ID темы получен
INFO 2022-05-07 10:01:43,435 Cоздана таблица пользователей, статей и комментариев
INFO 2022-05-07 10:01:43,437 Предметы выведены.
INFO 2022-05-07 10:01:43,438 Студенты выведены.
INFO 2022-05-07 10:01:43,438 ID предмета получен
INFO 2022-05-07 10:01:43,438 ID человека получен
INFO 2022-05-07 10:01:43,439 ID предмета получен
INFO 2022-05-07 10:01:43,450 ID предмета получен
INFO 2022-05-07 10:01:43,462 ID предмета получен
INFO 2022-05-07 10:01:43,472 ID предмета получен
INFO 2022-05-07 10:01:43,483 ID предмета получен
INFO 2022-05-07 10:01:43,496 Темы выведены.
INFO 2022-05-07 10:01:43,496 ID темы получен
INFO 2022-05-07 10:07:34,758 Cоздана таблица пользователей, статей и комментариев
INFO 2022-05-07 10:07:34,759 Предметы выведены.
INFO 2022-05-07 10:07:34,760 Студенты выведены.
INFO 2022-05-07 10:07:34,760 ID предмета получен
INFO 2022-05-07 10:07:34,761 ID человека получен
INFO 2022-05-07 10:07:34,761 ID предмета получен
INFO 2022-05-07 10:07:34,771 ID предмета получен
INFO 2022-05-07 10:07:34,783 ID предмета получен
INFO 2022-05-07 10:07:34,797 ID предмета получен
INFO 2022-05-07 10:07:34,806 ID предмета получен
INFO 2022-05-07 10:07:34,819 Темы выведены.
INFO 2022-05-07 10:07:34,820 ID темы получен
INFO 2022-05-07 10:08:52,850 Cоздана таблица пользователей, статей и комментариев
INFO 2022-05-07 10:08:52,852 Предметы выведены.
INFO 2022-05-07 10:08:52,854 Студенты выведены.
INFO 2022-05-07 10:08:52,854 ID предмета получен
INFO 2022-05-07 10:08:52,854 ID человека получен
INFO 2022-05-07 10:08:52,855 ID предмета получен
INFO 2022-05-07 10:08:52,866 ID предмета получен
INFO 2022-05-07 10:08:52,875 ID предмета получен
INFO 2022-05-07 10:08:52,884 ID предмета получен
INFO 2022-05-07 10:08:52,893 ID предмета получен
INFO 2022-05-07 10:08:52,903 Темы выведены.
INFO 2022-05-07 10:08:52,904 ID темы получен
INFO 2022-05-07 10:11:33,398 Cоздана таблица пользователей, статей и комментариев
INFO 2022-05-07 10:11:33,400 Предметы выведены.
INFO 2022-05-07 10:11:33,402 Студенты выведены.
INFO 2022-05-07 10:11:33,402 ID предмета получен
INFO 2022-05-07 10:11:33,402 ID человека получен
INFO 2022-05-07 10:11:33,403 ID предмета получен
INFO 2022-05-07 10:11:33,412 ID предмета получен
INFO 2022-05-07 10:11:33,423 ID предмета получен
INFO 2022-05-07 10:11:33,431 ID предмета получен
INFO 2022-05-07 10:11:33,443 ID предмета получен
INFO 2022-05-07 10:11:33,457 Темы выведены.
INFO 2022-05-07 10:11:33,458 ID темы получен
